[    0.000000] Linux version 4.15.0-177-generic (buildd@ubuntu) (gcc version 7.5.0 (Ubuntu 7.5.0-3ubuntu1~18.04)) #186-Ubuntu SMP Thu Apr 14 20:23:07 UTC 2022 (Ubuntu 4.15.0-177.186-generic 4.15.18)
[    0.000000] Commnd line: BOOT_IMAGE=/boot/vmlinuz-4.15.0-177-generic root=UUID=c3410204-d08d-4de1-869a-1ed4cec3f34a ro console=tty1 console=ttyS0
[    0.000000] KERNEL supported cpus:
[    0.000000]   Intel GenuineIntel
[    0.000000]   AMD AuthenticAMD
[    0.000000]   Centaur CentaurHauls
[    0.000000] x86/fpu: Supporting XSAVE feature 0x001: 'x87 floating point registers'
[    0.000000] x86/fpu: Supporting XSAVE feature 0x002: 'SSE registers'
[    0.000000] x86/fpu: Supporting XSAVE feature 0x004: 'AVX registers'
[    0.000000] x86/fpu: xstate_offset[2]:  576, xstate_sizes[2]:  256
[    0.000000] x86/fpu: Enabled xstate features 0x7, context size is 832 bytes, using 'standard' format.
[    0.000000] e820: BIOS-provided physical RAM map:
[    0.000000] BIOS-e820: [mem 0x0000000000000000-0x000000000009fbff] usable
[    0.000000] BIOS-e820: [mem 0x000000000009fc00-0x000000000009ffff] reserved
[    0.000000] BIOS-e820: [mem 0x00000000000f0000-0x00000000000fffff] reserved
[    0.000000] BIOS-e820: [mem 0x0000000000100000-0x000000003ffeffff] usable
[    0.000000] BIOS-e820: [mem 0x000000003fff0000-0x000000003fffffff] ACPI data
[    0.000000] BIOS-e820: [mem 0x00000000fec00000-0x00000000fec00fff] reserved
[    0.000000] BIOS-e820: [mem 0x00000000fee00000-0x00000000fee00fff] reserved
[    0.000000] BIOS-e820: [mem 0x00000000fffc0000-0x00000000ffffffff] reserved
[    0.000000] NX (Execute Disable) protection: active
[    0.000000] SMBIOS 2.5 present.
[    0.000000] DMI: innotek GmbH VirtualBox/VirtualBox, BIOS VirtualBox 12/01/2006
[    0.000000] Hypervisor detected: KVM
[    0.000000] e820: last_pfn = 0x3fff0 max_arch_pfn = 0x400000000
[    0.000000] MTRR: Disabled
[    0.000000] x86/PAT: MTRRs disabled, skipping PAT initialization too.
[    0.000000] CPU MTRRs all blank - virtualized system.
[    0.000000] x86/PAT: Configuration [0-7]: WB  WT  UC- UC  WB  WT  UC- UC  
[    0.000000] found SMP MP-table at [mem 0x0009fff0-0x0009ffff]
[    0.000000] Scanning 1 areas for low memory corruption
[    0.000000] RAMDISK: [mem 0x3581b000-0x36c04fff]
[    0.000000] ACPI: Early table checksum verification disabled
[    0.000000] ACPI: RSDP 0x00000000000E0000 000024 (v02 VBOX  )
[    0.000000] ACPI: XSDT 0x000000003FFF0030 00003C (v01 VBOX   VBOXXSDT 00000001 ASL  00000061)
[    0.000000] ACPI: FACP 0x000000003FFF00F0 0000F4 (v04 VBOX   VBOXFACP 00000001 ASL  00000061)
[    0.000000] ACPI: DSDT 0x000000003FFF0470 0021FF (v02 VBOX   VBOXBIOS 00000002 INTL 20180105)
[    0.000000] ACPI: FACS 0x000000003FFF0200 000040
[    0.000000] ACPI: FACS 0x000000003FFF0200 000040
[    0.000000] ACPI: APIC 0x000000003FFF0240 00005C (v02 VBOX   VBOXAPIC 00000001 ASL  00000061)
[    0.000000] ACPI: SSDT 0x000000003FFF02A0 0001CC (v01 VBOX   VBOXCPUT 00000002 INTL 20180105)
[    0.000000] ACPI: Reserving FACP table memory at [mem 0x3fff00f0-0x3fff01e3]
[    0.000000] ACPI: Reserving DSDT table memory at [mem 0x3fff0470-0x3fff266e]
[    0.000000] ACPI: Reserving FACS table memory at [mem 0x3fff0200-0x3fff023f]
[    0.000000] ACPI: Reserving FACS table memory at [mem 0x3fff0200-0x3fff023f]
[    0.000000] ACPI: Reserving APIC table memory at [mem 0x3fff0240-0x3fff029b]
[    0.000000] ACPI: Reserving SSDT table memory at [mem 0x3fff02a0-0x3fff046b]
[    0.000000] No NUMA configuration found
[    0.000000] Faking a node at [mem 0x0000000000000000-0x000000003ffeffff]
[    0.000000] NODE_DATA(0) allocated [mem 0x3ffc5000-0x3ffeffff]
[    0.000000] kvm-clock: cpu 0, msr 0:3ff44001, primary cpu clock
[    0.000000] kvm-clock: Using msrs 4b564d01 and 4b564d00
[    0.000000] kvm-clock: using sched offset of 4639654688 cycles
[    0.000000] clocksource: kvm-clock: mask: 0xffffffffffffffff max_cycles: 0x1cd42e4dffb, max_idle_ns: 881590591483 ns
[    0.000000] Zone ranges:
[    0.000000]   DMA      [mem 0x0000000000001000-0x0000000000ffffff]
[    0.000000]   DMA32    [mem 0x0000000001000000-0x000000003ffeffff]
[    0.000000]   Normal   empty
[    0.000000]   Device   empty
[    0.000000] Movable zone start for each node
[    0.000000] Early memory node ranges
[    0.000000]   node   0: [mem 0x0000000000001000-0x000000000009efff]
[    0.000000]   node   0: [mem 0x0000000000100000-0x000000003ffeffff]
[    0.000000] Reserved but unavailable: 104 pages
[    0.000000] Initmem setup node 0 [mem 0x0000000000001000-0x000000003ffeffff]
[    0.000000] ACPI: PM-Timer IO Port: 0x4008
[    0.000000] IOAPIC[0]: apic_id 2, version 32, address 0xfec00000, GSI 0-23
[    0.000000] ACPI: INT_SRC_OVR (bus 0 bus_irq 0 global_irq 2 dfl dfl)
[    0.000000] ACPI: INT_SRC_OVR (bus 0 bus_irq 9 global_irq 9 low level)
[    0.000000] Using ACPI (MADT) for SMP configuration information
[    0.000000] smpboot: Allowing 2 CPUs, 0 hotplug CPUs
[    0.000000] PM: Registered nosave memory: [mem 0x00000000-0x00000fff]
[    0.000000] PM: Registered nosave memory: [mem 0x0009f000-0x0009ffff]
[    0.000000] PM: Registered nosave memory: [mem 0x000a0000-0x000effff]
[    0.000000] PM: Registered nosave memory: [mem 0x000f0000-0x000fffff]
[    0.000000] e820: [mem 0x40000000-0xfebfffff] available for PCI devices
[    0.000000] Booting paravirtualized kernel on KVM
[    0.000000] clocksource: refined-jiffies: mask: 0xffffffff max_cycles: 0xffffffff, max_idle_ns: 7645519600211568 ns
[    0.000000] random: get_random_bytes called from start_kernel+0x99/0x500 with crng_init=0
[    0.000000] setup_percpu: NR_CPUS:8192 nr_cpumask_bits:2 nr_cpu_ids:2 nr_node_ids:1
[    0.000000] percpu: Embedded 50 pages/cpu s167936 r8192 d28672 u1048576
[    0.000000] PV qspinlock hash table entries: 256 (order: 0, 4096 bytes)
[    0.000000] Built 1 zonelists, mobility grouping on.  Total pages: 257913
[    0.000000] Policy zone: DMA32
[    0.000000] Kernel command line: BOOT_IMAGE=/boot/vmlinuz-4.15.0-177-generic root=UUID=c3410204-d08d-4de1-869a-1ed4cec3f34a ro console=tty1 console=ttyS0
[    0.000000] Memory: 981784K/1048120K available (12300K kernel code, 2484K rwdata, 4324K rodata, 2468K init, 2724K bss, 66336K reserved, 0K cma-reserved)
[    0.000000] SLUB: HWalign=64, Order=0-3, MinObjects=0, CPUs=2, Nodes=1
[    0.000000] Kernel/User page tables isolation: enabled
[    0.000000] ftrace: allocating 39506 entries in 155 pages
[    0.004000] Hierarchical RCU implementation.
[    0.004000] 	RCU restricting CPUs from NR_CPUS=8192 to nr_cpu_ids=2.
[    0.004000] 	Tasks RCU enabled.
[    0.004000] RCU: Adjusting geometry for rcu_fanout_leaf=16, nr_cpu_ids=2
[    0.004000] NR_IRQS: 524544, nr_irqs: 440, preallocated irqs: 16
[    0.004000] Console: colour VGA+ 80x25
[    0.004000] console [tty1] enabled
[    0.004000] console [ttyS0] enabled
[    0.004000] ACPI: Core revision 20170831
[    0.004000] ACPI: 2 ACPI AML tables successfully acquired and loaded
[    0.004000] APIC: Switch to symmetric I/O mode setup
[    0.004376] x2apic enabled
[    0.005695] Switched APIC routing to physical x2apic.
[    0.009550] ..TIMER: vector=0x30 apic1=0 pin1=2 apic2=-1 pin2=-1
[    0.012004] tsc: Detected 2195.016 MHz processor
[    0.016017] Calibrating delay loop (skipped) preset value.. 4390.03 BogoMIPS (lpj=8780064)
[    0.020005] pid_max: default: 32768 minimum: 301
[    0.021580] Security Framework initialized
[    0.024005] Yama: becoming mindful.
[    0.025245] AppArmor: AppArmor initialized
[    0.028076] Dentry cache hash table entries: 131072 (order: 8, 1048576 bytes)
[    0.030557] Inode-cache hash table entries: 65536 (order: 7, 524288 bytes)
[    0.032024] Mount-cache hash table entries: 2048 (order: 2, 16384 bytes)
[    0.034946] Mountpoint-cache hash table entries: 2048 (order: 2, 16384 bytes)
[    0.036409] Last level iTLB entries: 4KB 512, 2MB 8, 4MB 8
[    0.040005] Last level dTLB entries: 4KB 512, 2MB 32, 4MB 32, 1GB 0
[    0.041865] Spectre V1 : Mitigation: usercopy/swapgs barriers and __user pointer sanitization
[    0.044005] Spectre V2 : Mitigation: Retpolines
[    0.048003] Spectre V2 : Spectre v2 / SpectreRSB mitigation: Filling RSB on context switch
[    0.052004] Speculative Store Bypass: Vulnerable
[    0.056086] MDS: Mitigation: Clear CPU buffers
[    0.059761] Freeing SMP alternatives memory: 36K
[    0.172706] smpboot: CPU0: Intel(R) Core(TM) i3-2328M CPU @ 2.20GHz (family: 0x6, model: 0x2a, stepping: 0x7)
[    0.176132] Performance Events: unsupported p6 CPU model 42 no PMU driver, software events only.
[    0.179138] Hierarchical SRCU implementation.
[    0.180781] NMI watchdog: Perf event create on CPU 0 failed with -2
[    0.184004] NMI watchdog: Perf NMI watchdog permanently disabled
[    0.186094] smp: Bringing up secondary CPUs ...
[    0.187830] x86: Booting SMP configuration:
[    0.188004] .... node  #0, CPUs:      #1
[    0.004000] kvm-clock: cpu 1, msr 0:3ff44041, secondary cpu clock
[    0.194520] smp: Brought up 1 node, 2 CPUs
[    0.196009] smpboot: Max logical packages: 1
[    0.197580] smpboot: Total of 2 processors activated (8780.06 BogoMIPS)
[    0.200076] devtmpfs: initialized
[    0.201262] x86/mm: Memory block size: 128MB
[    0.202942] evm: security.selinux
[    0.204007] evm: security.SMACK64
[    0.205179] evm: security.SMACK64EXEC
[    0.206517] evm: security.SMACK64TRANSMUTE
[    0.208005] evm: security.SMACK64MMAP
[    0.209279] evm: security.apparmor
[    0.210479] evm: security.ima
[    0.211561] evm: security.capability
[    0.212116] clocksource: jiffies: mask: 0xffffffff max_cycles: 0xffffffff, max_idle_ns: 7645041785100000 ns
[    0.216021] futex hash table entries: 512 (order: 3, 32768 bytes)
[    0.218112] pinctrl core: initialized pinctrl subsystem
[    0.221011] RTC time: 23:14:02, date: 05/24/22
[    0.222933] NET: Registered protocol family 16
[    0.224110] audit: initializing netlink subsys (disabled)
[    0.226023] audit: type=2000 audit(1653434047.921:1): state=initialized audit_enabled=0 res=1
[    0.228019] cpuidle: using governor ladder
[    0.229488] cpuidle: using governor menu
[    0.232074] ACPI: bus type PCI registered
[    0.234919] acpiphp: ACPI Hot Plug PCI Controller Driver version: 0.5
[    0.236137] PCI: Using configuration type 1 for base access
[    0.241489] HugeTLB registered 2.00 MiB page size, pre-allocated 0 pages
[    0.244101] ACPI: Added _OSI(Module Device)
[    0.245568] ACPI: Added _OSI(Processor Device)
[    0.247125] ACPI: Added _OSI(3.0 _SCP Extensions)
[    0.248006] ACPI: Added _OSI(Processor Aggregator Device)
[    0.249852] ACPI: Added _OSI(Linux-Dell-Video)
[    0.252005] ACPI: Added _OSI(Linux-Lenovo-NV-HDMI-Audio)
[    0.253762] ACPI: Added _OSI(Linux-HPI-Hybrid-Graphics)
[    0.256404] ACPI: Executed 1 blocks of module-level executable AML code
[    0.263256] ACPI: Interpreter enabled
[    0.264022] ACPI: (supports S0 S5)
[    0.268005] ACPI: Using IOAPIC for interrupt routing
[    0.270113] PCI: Using host bridge windows from ACPI; if necessary, use "pci=nocrs" and report a bug
[    0.272244] ACPI: Enabled 2 GPEs in block 00 to 07
[    0.284591] ACPI: PCI Root Bridge [PCI0] (domain 0000 [bus 00-ff])
[    0.286641] acpi PNP0A03:00: _OSC: OS supports [ASPM ClockPM Segments MSI]
[    0.288043] acpi PNP0A03:00: _OSC: not requesting OS control; OS requires [ExtendedConfig ASPM ClockPM MSI]
[    0.292020] acpi PNP0A03:00: fail to add MMCONFIG information, can't access extended PCI configuration space under this bridge.
[    0.296417] PCI host bridge to bus 0000:00
[    0.297821] pci_bus 0000:00: root bus resource [io  0x0000-0x0cf7 window]
[    0.300000] pci_bus 0000:00: root bus resource [io  0x0d00-0xffff window]
[    0.300006] pci_bus 0000:00: root bus resource [mem 0x000a0000-0x000bffff window]
[    0.304006] pci_bus 0000:00: root bus resource [mem 0x40000000-0xfdffffff window]
[    0.308006] pci_bus 0000:00: root bus resource [bus 00-ff]
[    0.312490] pci 0000:00:01.1: legacy IDE quirk: reg 0x10: [io  0x01f0-0x01f7]
[    0.314789] pci 0000:00:01.1: legacy IDE quirk: reg 0x14: [io  0x03f6]
[    0.316005] pci 0000:00:01.1: legacy IDE quirk: reg 0x18: [io  0x0170-0x0177]
[    0.318305] pci 0000:00:01.1: legacy IDE quirk: reg 0x1c: [io  0x0376]
[    0.353021] pci 0000:00:07.0: quirk: [io  0x4000-0x403f] claimed by PIIX4 ACPI
[    0.356035] pci 0000:00:07.0: quirk: [io  0x4100-0x410f] claimed by PIIX4 SMB
[    0.379542] ACPI: PCI Interrupt Link [LNKA] (IRQs 5 9 10 *11)
[    0.380481] ACPI: PCI Interrupt Link [LNKB] (IRQs 5 9 *10 11)
[    0.382718] ACPI: PCI Interrupt Link [LNKC] (IRQs 5 *9 10 11)
[    0.384183] ACPI: PCI Interrupt Link [LNKD] (IRQs 5 9 10 *11)
[    0.386754] SCSI subsystem initialized
[    0.388080] pci 0000:00:02.0: vgaarb: setting as boot VGA device
[    0.390043] pci 0000:00:02.0: vgaarb: VGA device added: decodes=io+mem,owns=io+mem,locks=none
[    0.392010] pci 0000:00:02.0: vgaarb: bridge control possible
[    0.396004] vgaarb: loaded
[    0.397024] ACPI: bus type USB registered
[    0.398412] usbcore: registered new interface driver usbfs
[    0.400017] usbcore: registered new interface driver hub
[    0.401913] usbcore: registered new device driver usb
[    0.404114] EDAC MC: Ver: 3.0.0
[    0.405552] PCI: Using ACPI for IRQ routing
[    0.408437] NetLabel: Initializing
[    0.409694] NetLabel:  domain hash size = 128
[    0.412006] NetLabel:  protocols = UNLABELED CIPSOv4 CALIPSO
[    0.416032] NetLabel:  unlabeled traffic allowed by default
[    0.417997] clocksource: Switched to clocksource kvm-clock
[  043927] VFS: sk quos uo6.0  0.63] VFS: Dquot-cache hash table entries: 512 (order 0, 4096 bytes)
[    1.156850] AppArmor: AppArmor Filesystem Enabled
[    1.159993] pnp: PnP ACPI init
[    1.163515] pnp: PnP ACPI: found 3 devices

[    1.177910] clocksource: acpi_pm: mask: 0xffffff max_cycles: 0xffffff, max_idle_ns: 2085701024 ns
[    1.180199] NET: Registered protocol family 2
[    1.182090] IP idents hash table entries: 16384 (order: 5, 131072 bytes)
[    1.196889] TCP established hash table entries: 8192 (order: 4, 65536 bytes)
[    1.199306] TCP bind hash table entries: 8192 (order: 5, 131072 bytes)
[    1.201519] TCP: Hash tables configured (established 8192 bind 8192)
[    1.203677] UDP hash table entries: 512 (order: 2, 16384 bytes)
[    1.205706] UDP-Lite hash table entries: 512 (order: 2, 16384 bytes)
[    1.209682] NET: Registered protocol family 1
[  1110]ci00000.0: Limiting direct PCI/PCI transfers
[    1.647400] pci 0000:00:01.0: Activating ISA DMA hang workarounds
[    1.649904] pci 00000:02.0: Video device with shadowed ROM at [mem 0x000c0000-0x000dffff]
[    1.722805] Unpacking initramfs...

[    2.151784] Freeing initrd memory: 20392K
[    2.160806] clocksource: tsc: mask: 0xffffffffffffffff max_cycles: 0x1fa3cea2188, max_idle_ns: 440795264005 ns
[    2.163789] platform rtc_cmos: registered platform RTC device (no PNP device found)
[    2.171802] Scanning for low memory corruption every 60 seconds
[    2.182166] Initialise system trusted keyrings
[    2.183824] Key type blacklist registered
[    2.185474] workingset: timestamp_bits=36 max_order=18 bucket_order=0
[    2.188922] zbud: loaded
[    2.190657] squashfs: version 4.0 (2009/01/31) Phillip Lougher
[    2.192945] fuse init (API version 7.26)
[    2.200132] Key type asymmetric registered
[    2.201544] Asymmetric key parser 'x509' registered
[    2.204120] Block layer SCSI generic (bsg) driver version 0.4 loaded (major 246)
[    2.208924] io scheduler noop registered
[    2.210281] io scheduler deadline registered
[    2.211751] io scheduler cfq registered (default)
[    2.213747] ACPI: AC Adapter [AC] (on-line)
[    2.215255] input: Power Button as /devices/LNXSYSTM:00/LNXPWRBN:00/input/input0
[    2.217872] ACPI: Power Button [PWRF]
[    2.219246] input: Sleep Button as /devices/LNXSYSTM:00/LNXSLPBN:00/input/input1
[    2.221745] ACPI: Sleep Button [SLPF]
[    2.224208] Serial: 8250/16550 driver, 32 ports, IRQ sharing enabled
[    2.224618] ACPI: Battery Slot [BAT0] (battery present)
[    2.251758] 00:02: ttyS0 at I/O 0x3f8 (irq = 4, base_baud = 115200) is a 16550A
[    2.277887] Linux agpgart interface v0.103
[    2.280993] loop: module loaded
[    2.295424] scsi host0: ata_piix
[    2.314926] scsi host1: ata_piix
[    2.334659] ata1: PATA max UDMA/33 cmd 0x1f0 ctl 0x3f6 bmdma 0xd000 irq 14
[    2.355667] ata2: PATA max UDMA/33 cmd 0x170 ctl 0x376 bmdma 0xd008 irq 15
[    2.375807] tun: Universal TUN/TAP device driver, 1.6
[    2.395538] PPP generic driver version 2.4.2
[    2.397361] ehci_hcd: USB 2.0 'Enhanced' Host Controller (EHCI) Driver
[    2.399744] ehci-pci: EHCI PCI platform driver
[    2.401727] ehci-platform: EHCI generic platform driver
[    2.404048] ohci_hcd: USB 1.1 'Open' Host Controller (OHCI) Driver
[    2.406254] ohci-pci: OHCI PCI platform driver
[    2.407777] ohci-platform: OHCI generic platform driver
[    2.409578] uhci_hcd: USB Universal Host Controller Interface driver
[    2.411757] i8042: PNP: PS/2 Controller [PNP0303:PS2K,PNP0f03:PS2M] at 0x60,0x64 irq 1,12
[    2.415236] serio: i8042 KBD port at 0x60,0x64 irq 1
[    2.417020] serio: i8042 AUX port at 0x60,0x64 irq 12
[    2.418837] mousedev: PS/2 mouse device common for all mice
[    2.421055] input: AT Translated Set 2 keyboard as /devices/platform/i8042/serio0/input/input2
[    2.424561] rtc_cmos rtc_cmos: rtc core: registered rtc_cmos as rtc0
[    2.426767] rtc_cmos rtc_cmos: alarms up to one day, 114 bytes nvram
[    2.428912] i2c /dev entries driver
[    2.430235] device-mapper: uevent: version 1.0.3
[    2.431893] device-mapper: ioctl: 4.37.0-ioctl (2017-09-20) initialised: dm-devel@redhat.com
[    2.434629] ledtrig-cpu: registered to indicate activity on CPUs
[    2.456138] NET: Registered protocol family 10
[    2.484186] Segment Routing with IPv6
[    2.514653] NET: Registered protocol family 17
[    2.516236] Key type dns_resolver registered
[    2.535355] mce: Using 0 MCE banks
[    2.536638] RAS: Correctable Errors collector initialized.
[    2.538487] sched_clock: Marking stable (2536606807, 0)->(3247274980, -710668173)
[    2.541441] registered taskstats version 1
[    2.542879] Loading compiled-in X.509 certificates
[    2.548828] Loaded X.509 cert 'Build time autogenerated kernel key: bf7408fbf6fb1533149f8498a029058066c47156'
[    2.555469] Loaded X.509 cert 'Canonical Ltd. Live Patch Signing: 14df34d1a87cf37625abec039ef2bf521249b969'
[    2.560208] Loaded X.509 cert 'Canonical Ltd. Kernel Module Signing: 88f752e560a1e0737e31163a466ad7b70a850c19'
[    2.563560] blacklist: Loading compiled-in revocation X.509 certificates
[    2.565813] Loaded X.509 cert 'Canonical Ltd. Secure Boot Signing: 61482aa2830d0ab2ad5af10b7250da9033ddcef0'
[    2.569088] zswap: loaded using pool lzo/zbud
[    2.578069] Key type big_key registered
[    2.579439] Key type trusted registered
[    2.584303] Key type encrypted registered
[    2.585967] AppArmor: AppArmor sha1 policy hashing enabled
[    2.590147] ima: No TPM chip found, activating TPM-bypass! (rc=-19)
[    2.592757] ima: Allocated hash algorithm: sha1
[    2.604933] evm: HMAC attrs: 0x1
[    2.606456]   Magic number: 6:407:252
[    2.607850] rtc_cmos rtc_cmos: setting system clock to 2022-05-24 23:14:04 UTC (1653434044)
[    2.613588] BIOS EDD facility v0.16 2004-Jun-25, 0 devices found
[    2.615803] EDD information not available.
[    2.620579] Freeing unused kernel image memory: 2468K
[    2.644507] Write protecting the kernel read-only data: 20480k
[    2.657205] Freeing unused kernel image memory: 2008K
[    2.660022] Freeing unused kernel image memory: 1820K
[    2.684920] x86/mm: Checked W+X mappings: passed, no W+X pages found.
[    2.687248] x86/mm: Checking user space page tables
[    2.698898] x86/mm: Checked W+X mappings: passed, no W+X pages found.
Loading, please wait...
starting version 237
[    2.884909] e1000: Intel(R) PRO/1000 Network Driver - version 7.3.21-k8-NAPI
[    2.893391] e1000: Copyright (c) 1999-2006 Intel Corporation.
[    2.903071] Fusion MPT base driver 3.04.20
[    2.915285] Copyright (c) 1999-2008 LSI Corporation
[    2.961699] Fusion MPT SPI Host driver 3.04.20
[    3.153329] input: ImExPS/2 Generic Explorer Mouse as /devices/platform/i8042/serio1/input/input4
[    3.371820] e1000 0000:00:03.0 eth0: (PCI:33MHz:32-bit) 02:3b:ab:4a:a3:42
[    3.385623] e1000 0000:00:03.0 eth0: Intel(R) PRO/1000 Network Connection
[    3.435960] mptbase: ioc0: Initiating bringup
[    3.581081] ioc0: LSI53C1030 A0: Capabilities={Initiator}
[    3.852192] scsi host2: ioc0: LSI53C1030 A0, FwRev=00000000h, Ports=1, MaxQ=256, IRQ=20
[    4.026704] scsi 2:0:0:0: Direct-Access     VBOX     HARDDISK         1.0  PQ: 0 ANSI: 5
[    4.186041] scsi target2:0:0: Beginning Domain Validation
[    4.217527] scsi target2:0:0: Domain Validation skipping write tests
[    4.220284] scsi target2:0:0: Ending Domain Validation
[    4.222393] scsi target2:0:0: asynchronous
[    4.226047] scsi 2:0:1:0: Direct-Access     VBOX     HARDDISK         1.0  PQ: 0 ANSI: 5
[    4.416571] scsi target2:0:1: Beginning Domain Validation
[    4.422468] random: fast init done
[    4.433113] scsi target2:0:1: Domain Validation skipping write tests
[    4.436829] scsi target2:0:1: Ending Domain Validation
[    4.444444] scsi target2:0:1: asynchronous
[    4.447844] random: systemd-udevd: uninitialized urandom read (16 bytes read)
[    4.447911] e1000 0000:00:08.0 eth1: (PCI:33MHz:32-bit) 08:00:27:a5:b3:b4
[    4.450356] random: systemd-udevd: uninitialized urandom read (16 bytes read)
[    4.453322] e1000 0000:00:08.0 eth1: Intel(R) PRO/1000 Network Connection
[    4.455790] random: systemd-udevd: uninitialized urandom read (16 bytes read)
[    4.469565] sd 2:0:0:0: Attached scsi generic sg0 type 0
[    4.469876] sd 2:0:0:0: [sda] 83886080 512-byte logical blocks: (42.9 GB/40.0 GiB)
[    4.521761] sd 2:0:1:0: Attached scsi generic sg1 type 0
[    4.524474] sd 2:0:1:0: [sdb] 20480 512-byte logical blocks: (10.5 MB/10.0 MiB)
[    4.538299] sd 2:0:0:0: [sda] Write Protect is off
[    4.539363] sd 2:0:1:0: [sdb] Write Protect is off
[    4.542483] sd 2:0:1:0: [sdb] Incomplete mode parameter data
[    4.542494] sd 2:0:0:0: [sda] Incomplete mode parameter data
[    4.544925] sd 2:0:1:0: [sdb] Assuming drive cache: write through
[    4.546897] sd 2:0:0:0: [sda] Assuming drive cache: write through
[    4.592954]  sda: sda1
[    4.597984] sd 2:0:1:0: [sdb] Attached SCSI disk
[    4.606294] sd 2:0:0:0: [sda] Attached SCSI disk
[    4.610182] e1000 0000:00:03.0 enp0s3: renamed from eth0
[    4.628527] e1000 0000:00:08.0 enp0s8: renamed from eth1
Begin: Loading essential drivers ... [    6.324039] raid6: sse2x1   gen()  4253 MB/s
[    6.403677] raid6: sse2x1   xor()  4872 MB/s
[    6.466089] raid6: sse2x2   gen()  7679 MB/s
[    6.513605] raid6: sse2x2   xor()  5106 MB/s
[    6.580256] raid6: sse2x4   gen()  8648 MB/s
[    6.663577] raid6: sse2x4   xor()  6250 MB/s
[    6.675078] raid6: using algorithm sse2x4 gen() 8648 MB/s
[    6.714000] raid6: .... xor() 6250 MB/s, rmw enabled
[    6.735563] raid6: using ssse3x2 recovery algorithm
[    6.739089] xor: automatically using best checksumming function   avx       
[    6.743351] async_tx: api initialized (async)
done.
Begin: Running /scripts/init-premount ... done.
Begin: Mounting root file system ... Begin: Running /scripts/local-top ... done.
Begin: Running /scripts/local-premount ... [    6.831801] Btrfs loaded, crc32c=crc32c-intel
Scanning for Btrfs filesystems
done.
Begin: Will now check root file system ... fsck from util-linux 2.31.1
[/sbin/fsck.ext4 (1) -- /dev/sda1] fsck.ext4 -a -C0 /dev/sda1 
cloudimg-rootfs: clean, 107020/5120000 files, 806469/10485499 blocks
done.
[    6.998487] EXT4-fs (sda1): mounted filesystem with ordered data mode. Opts: (null)
done.
Begin: Running /scripts/local-bottom ... done.
Begin: Running /scripts/init-bottom ... done.
[    8.740525] ip_tables: (C) 2000-2006 Netfilter Core Team
[    8.892833] systemd[1]: systemd 237 running in system mode. (+PAM +AUDIT +SELINUX +IMA +APPARMOR +SMACK +SYSVINIT +UTMP +LIBCRYPTSETUP +GCRYPT +GNUTLS +ACL +XZ +LZ4 +SECCOMP +BLKID +ELFUTILS +KMOD -IDN2 +IDN -PCRE2 default-hierarchy=hybrid)
[    8.905463] systemd[1]: Detected virtualization oracle.
[    8.907077] systemd[1]: Detected architecture x86-64.

Welcome to [1mUbuntu 18.04.6 LTS[0m!

[    8.951928] systemd[1]: Set hostname to <ubuntu-bionic>.
[    9.136205] random: crng init done
[    9.137601] random: 7 urandom warning(s) missed due to ratelimiting
[   13.060827] systemd[1]: Reached target System Time Synchronized.
[[0;32m  OK  [0m] Reached target System Time Synchronized.
[   13.067613] systemd[1]: Set up automount Arbitrary Executable File Formats File System Automount Point.
[[0;32m  OK  [0m] Set up automount Arbitrary Executab…rmats File System Automount Point.
[   13.079185] systemd[1]: Reached target User and Group Name Lookups.
[[0;32m  OK  [0m] Reached target User and Group Name Lookups.
[   13.083875] systemd[1]: Reached target Swap.
[[0;32m  OK  [0m] Reached target Swap.
[   13.089093] systemd[1]: Created slice System Slice.
[[0;32m  OK  [0m] Created slice System Slice.
[   14.104628] systemd[1]: Created slice system-serial\x2dgetty.slice.
[[0;32m  OK  [0m] Created slice system-serial\x2dgetty.slice.
[   14.113610] systemd[1]: Listening on /dev/initctl Compatibility Named Pipe.
[[0;32m  OK  [0m] Listening on /dev/initctl Compatibility Named Pipe.
[   14.118889] systemd[1]: Listening on udev Kernel Socket.
[[0;32m  OK  [0m] Listening on udev Kernel Socket.
[   14.122454] systemd[1]: Listening on Network Service Netlink Socket.
[[0;32m  OK  [0m] Listening on Network Service Netlink Socket.
[   14.126790] systemd[1]: Listening on fsck to fsckd communication Socket.
[[0;32m  OK  [0m] Listening on fsck to fsckd communication Socket.
[   14.131425] systemd[1]: Listening on Journal Audit Socket.
[[0;32m  OK  [0m] Listening on Journal Audit Socket.
[   14.135157] systemd[1]: Listening on LVM2 metadata daemon socket.
[[0;32m  OK  [0m] Listening on LVM2 metadata daemon socket.
[   14.139577] systemd[1]: Listening on Journal Socket.
[[0;32m  OK  [0m] Listening on Journal Socket.
[   14.157862] systemd[1]: Starting Load Kernel Modules...
         Starting Load Kernel Modules...
[   14.172126] systemd[1]: Starting Remount Root and Kernel File Systems...
         Starting Remount Root and Kernel File Systems...
         Starting Uncomplicated firewall...
[[0;32m  OK  [0m] Listening on udev Control Socket.
         Starting udev Coldplug all Devices...
[[0;32m  OK  [0m] Listening on LVM2 poll daemon socket.
[[0;32m  OK  [0m] Created slice system-postfix.slice.
         Starting Create list of required st…ce nodes for the current kernel...
         Starting Set the console keyboard layout...
[[0;32m  OK  [0m] Listening on Device-mapper event daemon FIFOs.
         Mounting POSIX Message Queue File System...
[[0;32m  OK  [0m] Listening on Journal Socket (/dev/log).
         Mounting Huge Pages File System...
         Mounting Kernel Debug File System...
[[0;32m  OK  [0m] Created slice User and Session Slice.
[[0;32m  OK  [0m] Reached target Slices.
[[0;32m  OK  [0m] Listening on Syslog Socket.
[   14.256816] Loading iSCSI transport class v2.0-870.
         Starting Journal Service...
         Starting Monitoring of LVM2 mirrors…ng dmeventd or progress polling...
[[0;32m  OK  [0m] Started Forward Password Requests to Wall Directory Watch.
[   14.368958] EXT4-fs (sda1): re-mounted. Opts: (null)
[[0;32m  OK  [0m] Started Journal Service.
[[0;32m  OK  [0m] Started Remount Root and Kernel File Systems.
[[0;32m  OK  [0m] Started Uncomplicated firewall.[   14.602597] iscsi: registered transport (tcp)

[[0;32m  OK  [0m] Started Create list of required sta…vice nodes for the current kernel.
[[0;32m  OK  [0m] Mounted POSIX Message Queue File System.
[[0;32m  OK  [0m] Mounted Huge Pages File System.
[[0;32m  OK  [0m] Mounted Kernel Debug File System.
         Starting Create Static Device Nodes in /dev...
         Starting Load/Save Random Seed...
         Starting Flush Journal to Persistent Storage...
[[0;32m  OK  [0m] Started udev Coldplug all Devices.
[[0;32m  OK  [0m] Started Load/Save Random Seed.
[   15.056248] systemd-journald[413]: Received request to flush runtime journal from PID 1
[[0;32m  OK  [0m] Started Set the console keyboard layout.
[[0;32m  OK  [0m] Started LVM2 metadata daemon.
[[0;32m  OK  [0m] Started Create Static Device Nodes in /dev.
         Starting udev Kernel Device Manager...
[   15.714289] iscsi: registered transport (iser)
[[0;32m  OK  [0m] Started Monitoring of LVM2 mirrors,…sing dmeventd or progress polling.
[[0;32m  OK  [0m] Started Load Kernel Modules.
         Starting Apply Kernel Variables...
         Mounting Kernel Configuration File System...
         Mounting FUSE Control File System...
[[0;32m  OK  [0m] Reached target Local File Systems (Pre).
[[0;32m  OK  [0m] Reached target Local File Systems.
         Starting AppArmor initialization...
         Starting Set console font and keymap...
         Starting Tell Plymouth To Write Out Runtime Data...
         Starting ebtables ruleset management...
[[0;32m  OK  [0m] Mounted Kernel Configuration File System.
[[0;32m  OK  [0m] Mounted FUSE Control File System.
[[0;32m  OK  [0m] Started Set console font and keymap.
[[0;32m  OK  [0m] Started Tell Plymouth To Write Out Runtime Data.
[[0;32m  OK  [0m] Started Apply Kernel Variables.
[[0;32m  OK  [0m] Started udev Kernel Device Manager.
[[0;32m  OK  [0m] Started Dispatch Password Requests to Console Directory Watch.
[[0;32m  OK  [0m] Reached target Local Encrypted Volumes.
[[0;32m  OK  [0m] Started ebtables ruleset management.
[[0;32m  OK  [0m] Started Flush Journal to Persistent Storage.
         Starting Create Volatile Files and Directories...
[[0;32m  OK  [0m] Started Create Volatile Files and Directories.
         Starting Update UTMP about System Boot/Shutdown...
[[0;32m  OK  [0m] Started Update UTMP about System Boot/Shutdown.
[[0;32m  OK  [0m] Found device /dev/ttyS0.
[[0;32m  OK  [0m] Listening on Load/Save RF Kill Switch Status /dev/rfkill Watch.
[[0;32m  OK  [0m] Started AppArmor initialization.
         Starting Load AppArmor profiles managed internally by snapd...
         Starting Initial cloud-init job (pre-networking)...
[[0;32m  OK  [0m] Started Load AppArmor profiles managed internally by snapd.
[   28.156250] cloud-init[556]: Cloud-init v. 22.1-14-g2e17a0d6-0ubuntu1~18.04.3 running 'init-local' at Tue, 24 May 2022 23:14:29 +0000. Up 27.49 seconds.
[[0;32m  OK  [0m] Started Initial cloud-init job (pre-networking).
[[0;32m  OK  [0m] Reached target Network (Pre).
         Starting Network Service...
[[0;32m  OK  [0m] Started Network Service.
         Starting Wait for Network to be Configured...
         Starting Network Name Resolution...
[[0;32m  OK  [0m] Started Network Name Resolution.
[[0;32m  OK  [0m] Reached target Network.
[[0;32m  OK  [0m] Reached target Host and Network Name Lookups.
[[0;32m  OK  [0m] Started Wait for Network to be Configured.
         Starting Initial cloud-init job (metadata service crawler)...
[   31.998095] cloud-init[686]: Cloud-init v. 22.1-14-g2e17a0d6-0ubuntu1~18.04.3 running 'init' at Tue, 24 May 2022 23:14:33 +0000. Up 31.12 seconds.
[   32.026642] cloud-init[686]: ci-info: ++++++++++++++++++++++++++++++++++++++Net device info+++++++++++++++++++++++++++++++++++++++
[   32.032186] cloud-init[686]: ci-info: +--------+------+-----------------------------+---------------+--------+-------------------+
[   32.036944] cloud-init[686]: ci-info: | Device |  Up  |           Address           |      Mask     | Scope  |     Hw-Address    |
[   32.040836] cloud-init[686]: ci-info: +--------+------+-----------------------------+---------------+--------+-------------------+
[   32.051133] cloud-init[686]: ci-info: | enp0s3 | True |          10.0.2.15          | 255.255.255.0 | global | 02:3b:ab:4a:a3:42 |
[   32.054609] cloud-init[686]: ci-info: | enp0s3 | True |  fe80::3b:abff:fe4a:a342/64 |       .       |  link  | 02:3b:ab:4a:a3:42 |
[   32.076681] cloud-init[686]: ci-info: | enp0s8 | True |        192.168.60.58        | 255.255.255.0 | global | 08:00:27:a5:b3:b4 |
[   32.086049] cloud-init[686]: ci-info: | enp0s8 | True | fe80::a00:27ff:fea5:b3b4/64 |       .       |  link  | 08:00:27:a5:b3:b4 |
[   32.089774] cloud-init[686]: ci-info: |   lo   | True |          127.0.0.1          |   255.0.0.0   |  host  |         .         |
[   32.093991] cloud-init[686]: ci-info: |   lo   | True |           ::1/128           |       .       |  host  |         .         |
[   32.097866] cloud-init[686]: ci-info: +--------+------+-----------------------------+---------------+--------+-------------------+
[   32.108242] cloud-init[686]: ci-info: +++++++++++++++++++++++++++++Route IPv4 info+++++++++++++++++++++++++++++
[   32.117401] cloud-init[686]: ci-info: +-------+--------------+----------+-----------------+-----------+-------+
[   32.126642] cloud-init[686]: ci-info: | Route | Destination  | Gateway  |     Genmask     | Interface | Flags |
[   32.132351] cloud-init[686]: ci-info: +-------+--------------+----------+-----------------+-----------+-------+
[   32.136997] cloud-init[686]: ci-info: |   0   |   0.0.0.0    | 10.0.2.2 |     0.0.0.0     |   enp0s3  |   UG  |
[   32.142213] cloud-init[686]: ci-info: |   1   |   10.0.2.0   | 0.0.0.0  |  255.255.255.0  |   enp0s3  |   U   |
[   32.151209] cloud-init[686]: ci-info: |   2   |   10.0.2.2   | 0.0.0.0  | 255.255.255.255 |   enp0s3  |   UH  |
[   32.154922] cloud-init[686]: ci-info: |   3   | 192.168.60.0 | 0.0.0.0  |  255.255.255.0  |   enp0s8  |   U   |
[   32.170257] cloud-init[686]: ci-info: +-------+--------------+----------+-----------------+-----------+-------+
[   32.176108] cloud-init[686]: ci-info: +++++++++++++++++++Route IPv6 info+++++++++++++++++++
[   32.180816] cloud-init[686]: ci-info: +-------+-------------+---------+-----------+-------+
[   32.184733] cloud-init[686]: ci-info: | Route | Destination | Gateway | Interface | Flags |
[   32.187318] cloud-init[686]: ci-info: +-------+-------------+---------+-----------+-------+
[   32.189852] cloud-init[686]: ci-info: |   1   |  fe80::/64  |    ::   |   enp0s8  |   U   |
[   32.192563] cloud-init[686]: ci-info: |   2   |  fe80::/64  |    ::   |   enp0s3  |   U   |
[   32.195223] cloud-init[686]: ci-info: |   4   |    local    |    ::   |   enp0s3  |   U   |
[   32.197947] cloud-init[686]: ci-info: |   5   |    local    |    ::   |   enp0s8  |   U   |
[   32.200672] cloud-init[686]: ci-info: |   6   |   ff00::/8  |    ::   |   enp0s8  |   U   |
[   32.203379] cloud-init[686]: ci-info: |   7   |   ff00::/8  |    ::   |   enp0s3  |   U   |
[   32.207885] cloud-init[686]: ci-info: +-------+-------------+---------+-----------+-------+
[[0;32m  OK  [0m] Started Initial cloud-init job (metadata service crawler).
[[0;32m  OK  [0m] Reached target System Initialization.
[[0;32m  OK  [0m] Started Ubuntu Advantage Timer for running repeated jobs.
[[0;32m  OK  [0m] Started ACPI Events Check.
[[0;32m  OK  [0m] Listening on Open-iSCSI iscsid Socket.
[[0;32m  OK  [0m] Started Trigger to poll for Ubuntu …(Only enabled on GCP LTS non-pro).
         Starting LXD - unix socket.
[[0;32m  OK  [0m] Listening on ACPID Listen Socket.
[[0;32m  OK  [0m] Started Message of the Day.
[[0;32m  OK  [0m] Started Daily apt download activities.
[[0;32m  OK  [0m] Listening on D-Bus System Message Bus Socket.
[[0;32m  OK  [0m] Started Daily apt upgrade and clean activities.
[[0;32m  OK  [0m] Started Discard unused blocks once a week.
[[0;32m  OK  [0m] Listening on UUID daemon activation socket.
         Starting Socket activation for snappy daemon.
[[0;32m  OK  [0m] Started Daily Cleanup of Temporary Directories.
[[0;32m  OK  [0m] Listening on cloud-init hotplug hook socket.
[[0;32m  OK  [0m] Reached target Timers.
[[0;32m  OK  [0m] Reached target Paths.
[[0;32m  OK  [0m] Reached target Cloud-config availability.
[[0;32m  OK  [0m] Reached target Network is Online.
[[0;32m  OK  [0m] Reached target Remote File Systems (Pre).
[[0;32m  OK  [0m] Reached target Remote File Systems.
         Starting Availability of block devices...
[[0;32m  OK  [0m] Listening on LXD - unix socket.
[[0;32m  OK  [0m] Listening on Socket activation for snappy daemon.
[[0;32m  OK  [0m] Reached target Sockets.
[[0;32m  OK  [0m] Reached target Basic System.
         Starting The Apache HTTP Server...
         Starting Permit User Sessions...
         Starting Virtualbox guest utils...
         Starting Message of the Day...
[[0;32m  OK  [0m] Started irqbalance daemon.
         Starting Login Service...
         Starting Postfix Mail Transport Agent (instance -)...
         Starting Samba NMB Daemon...
         Starting System Logging Service...
         Starting vsftpd FTP server...
[[0;32m  OK  [0m] Started FUSE filesystem for LXC.
         Starting Snap Daemon...
         Starting LSB: Record successful boot for GRUB...
[[0;32m  OK  [0m] Started Regular background program processing daemon.
         Starting LSB: Squid HTTP Proxy version 3.x...
[[0;32m  OK  [0m] Started D-Bus System Message Bus.
         Starting LSB: automatic crash report generation...
[[0;32m  OK  [0m] Started Deferred execution scheduler.
         Starting Accounts Service...
         Starting OpenBSD Secure Shell server...
         Starting Dispatcher daemon for systemd-networkd...
         Starting LXD - container startup/shutdown...
[[0;32m  OK  [0m] Started System Logging Service.
[[0;32m  OK  [0m] Started Availability of block devices.
[[0;32m  OK  [0m] Started Permit User Sessions.
[[0;32m  OK  [0m] Started vsftpd FTP server.
[[0;32m  OK  [0m] Started Login Service.
[[0;32m  OK  [0m] Started Unattended Upgrades Shutdown.
         Starting Terminate Plymouth Boot Screen...
         Starting Hold until boot process finishes up...
[[0;32m  OK  [0m] Started Terminate Plymouth Boot Screen.
[[0;32m  OK  [0m] Started Hold until boot process finishes up.
         Starting Set console scheme...
[[0;32m  OK  [0m] Started Serial Getty on ttyS0.
[[0;32m  OK  [0m] Started LSB: automatic crash report generation.
[[0;32m  OK  [0m] Started Set console scheme.
[[0;32m  OK  [0m] Created slice system-getty.slice.
[[0;32m  OK  [0m] Started Getty on tty1.
[[0;32m  OK  [0m] Reached target Login Prompts.
[[0;32m  OK  [0m] Started LSB: Record successful boot for GRUB.
         Starting Authorization Manager...
[[0;32m  OK  [0m] Started The Apache HTTP Server.
[[0;32m  OK  [0m] Started Authorization Manager.
[[0;32m  OK  [0m] Started Accounts Service.
[[0;32m  OK  [0m] Started Virtualbox guest utils.

Ubuntu 18.04.6 LTS ubuntu-bionic ttyS0

ubuntu-bionic login: [   52.406375] cloud-init[1809]: Cloud-init v. 22.1-14-g2e17a0d6-0ubuntu1~18.04.3 running 'modules:config' at Tue, 24 May 2022 23:14:54 +0000. Up 52.16 seconds.
[   53.746695] cloud-init[1906]: Cloud-init v. 22.1-14-g2e17a0d6-0ubuntu1~18.04.3 running 'modules:final' at Tue, 24 May 2022 23:14:55 +0000. Up 53.41 seconds.
[   53.748875] cloud-init[1906]: Cloud-init v. 22.1-14-g2e17a0d6-0ubuntu1~18.04.3 finished at Tue, 24 May 2022 23:14:55 +0000. Datasource DataSourceNoCloud [seed=/dev/sdb][dsmode=net].  Up 53.73 seconds
         Stopping User Manager for UID 1000...
         Stopping Authorization Manager...
[[0;32m  OK  [0m] Closed Load/Save RF Kill Switch Status /dev/rfkill Watch.
         Stopping Availability of block devices...
[[0;32m  OK  [0m] Stopped target Timers.
[[0;32m  OK  [0m] Stopped Daily apt upgrade and clean activities.
[[0;32m  OK  [0m] Stopped Clean PHP session files every 30 mins.
[[0;32m  OK  [0m] Stopped Daily Cleanup of Temporary Directories.
[[0;32m  OK  [0m] Stopped Message of the Day.
[[0;32m  OK  [0m] Stopped Daily apt download activities.
[[0;32m  OK  [0m] Stopped target Graphical Interface.
         Stopping Accounts Service...
         Stopping Session 21 of user vagrant.
[[0;32m  OK  [0m] Stopped Ubuntu Advantage Timer for running repeated jobs.
[[0;32m  OK  [0m] Stopped Discard unused blocks once a week.
[[0;32m  OK  [0m] Stopped target System Time Synchronized.
[[0;32m  OK  [0m] Stopped target Cloud-init target.
[[0;32m  OK  [0m] Stopped Execute cloud user/final scripts.
         Stopping Serial Getty on ttyS0...
[[0;32m  OK  [0m] Stopped Wait until snapd is fully seeded.
         Stopping Samba SMB Daemon...
         Stopping Regular background program processing daemon...
         Stopping D-Bus System Message Bus...
         Stopping LSB: Record successful boot for GRUB...
         Stopping Deferred execution scheduler...
         Stopping LSB: Squid HTTP Proxy version 3.x...
         Stopping vsftpd FTP server...
         Stopping Virtualbox guest utils...
         Stopping OpenBSD Secure Shell server...
         Stopping System Logging Service...
         Stopping irqbalance daemon...
         Stopping FUSE filesystem for LXC...
         Stopping Unattended Upgrades Shutdown...
         Stopping LSB: automatic crash report generation...
         Stopping LXD - container startup/shutdown...
[[0;32m  OK  [0m] Stopped Postfix Mail Transport Agent.
         Stopping Postfix Mail Transport Agent (instance -)...
         Stopping Dispatcher daemon for systemd-networkd...
[[0;32m  OK  [0m] Unmounted /var/lib/lxcfs.
[[0;32m  OK  [0m] Stopped irqbalance daemon.
[[0;32m  OK  [0m] Stopped System Logging Service.
[[0;32m  OK  [0m] Stopped Regular background program processing daemon.
[[0;32m  OK  [0m] Stopped Deferred execution scheduler.
[[0;32m  OK  [0m] Stopped Accounts Service.
[[0;32m  OK  [0m] Stopped Dispatcher daemon for systemd-networkd.
[[0;32m  OK  [0m] Stopped Serial Getty on ttyS0.
[[0;32m  OK  [0m] Stopped Getty on tty1.
[[0;32m  OK  [0m] Stopped Unattended Upgrades Shutdown.
[[0;32m  OK  [0m] Stopped Authorization Manager.
[[0;32m  OK  [0m] Stopped OpenBSD Secure Shell server.
[[0;32m  OK  [0m] Stopped Samba SMB Daemon.
[[0;32m  OK  [0m] Stopped vsftpd FTP server.
[[0;32m  OK  [0m] Stopped User Manager for UID 1000.
[[0;32m  OK  [0m] Stopped Availability of block devices.
[[0;32m  OK  [0m] Stopped D-Bus System Message Bus.
[[0;32m  OK  [0m] Stopped Session 21 of user vagrant.
[[0;32m  OK  [0m] Stopped Postfix Mail Transport Agent (instance -).
[[0;32m  OK  [0m] Stopped LXD - container startup/shutdown.
[[0;32m  OK  [0m] Stopped LSB: Record successful boot for GRUB.
[[0;32m  OK  [0m] Stopped LSB: automatic crash report generation.
[[0;32m  OK  [0m] Stopped FUSE filesystem for LXC.
[[0;32m  OK  [0m] Removed slice system-postfix.slice.
[[0;32m  OK  [0m] Removed slice User Slice of vagrant.
         Stopping Samba NMB Daemon...
         Stopping Login Service...
[[0;32m  OK  [0m] Removed slice system-getty.slice.
[[0;32m  OK  [0m] Removed slice system-serial\x2dgetty.slice.
         Stopping Permit User Sessions...
[[0;32m  OK  [0m] Stopped Virtualbox guest utils.
[[0;32m  OK  [0m] Stopped Permit User Sessions.
[[0;32m  OK  [0m] Stopped Login Service.
[[0;32m  OK  [0m] Stopped Samba NMB Daemon.
[[0;32m  OK  [0m] Stopped target User and Group Name Lookups.
[[0;32m  OK  [0m] Stopped The Apache HTTP Server.
[    [0;31m*[0;1;31m*[0m] A stop job is running for LSB: Squi…HTTP Proxy version 3.x (7s / 5min)[K[     [0;31m*[0m] A stop job is running for LSB: Squi…HTTP Proxy version 3.x (7s / 5min)[K[    [0;31m*[0;1;31m*[0m] A stop job is running for LSB: Squi…HTTP Proxy version 3.x (8s / 5min)[K[   [0;31m*[0;1;31m*[0m[0;31m*[0m] A stop job is running for LSB: Squi…HTTP Proxy version 3.x (8s / 5min)[K[  [0;31m*[0;1;31m*[0m[0;31m* [0m] A stop job is running for LSB: Squi…HTTP Proxy version 3.x (9s / 5min)[K[ [0;31m*[0;1;31m*[0m[0;31m*  [0m] A stop job is running for LSB: Squi…HTTP Proxy version 3.x (9s / 5min)[K[[0;31m*[0;1;31m*[0m[0;31m*   [0m] A stop job is running for LSB: Squi…TTP Proxy version 3.x (10s / 5min)[K[[0;1;31m*[0m[0;31m*    [0m] A stop job is running for LSB: Squi…TTP Proxy version 3.x (10s / 5min)[K[[0m[0;31m*     [0m] A stop job is running for LSB: Squi…TTP Proxy version 3.x (11s / 5min)[K[[0;1;31m*[0m[0;31m*    [0m] A stop job is running for LSB: Squi…TTP Proxy version 3.x (11s / 5min)[K[[0;31m*[0;1;31m*[0m[0;31m*   [0m] A stop job is running for LSB: Squi…TTP Proxy version 3.x (12s / 5min)[K[ [0;31m*[0;1;31m*[0m[0;31m*  [0m] A stop job is running for LSB: Squi…TTP Proxy version 3.x (12s / 5min)[K[  [0;31m*[0;1;31m*[0m[0;31m* [0m] A stop job is running for LSB: Squi…TTP Proxy version 3.x (13s / 5min)[K[   [0;31m*[0;1;31m*[0m[0;31m*[0m] A stop job is running for LSB: Squi…TTP Proxy version 3.x (13s / 5min)[K[    [0;31m*[0;1;31m*[0m] A stop job is running for LSB: Squi…TTP Proxy version 3.x (14s / 5min)[K[     [0;31m*[0m] A stop job is running for LSB: Squi…TTP Proxy version 3.x (14s / 5min)[K[    [0;31m*[0;1;31m*[0m] A stop job is running for LSB: Squi…TTP Proxy version 3.x (15s / 5min)[K[   [0;31m*[0;1;31m*[0m[0;31m*[0m] A stop job is running for LSB: Squi…TTP Proxy version 3.x (15s / 5min)[K[  [0;31m*[0;1;31m*[0m[0;31m* [0m] A stop job is running for LSB: Squi…TTP Proxy version 3.x (16s / 5min)[K[ [0;31m*[0;1;31m*[0m[0;31m*  [0m] A stop job is running for LSB: Squi…TTP Proxy version 3.x (16s / 5min)[K[[0;31m*[0;1;31m*[0m[0;31m*   [0m] A stop job is running for LSB: Squi…TTP Proxy version 3.x (17s / 5min)[K[[0;1;31m*[0m[0;31m*    [0m] A stop job is running for LSB: Squi…TTP Proxy version 3.x (17s / 5min)[K[[0m[0;31m*     [0m] A stop job is running for LSB: Squi…TTP Proxy version 3.x (18s / 5min)[K[[0;1;31m*[0m[0;31m*    [0m] A stop job is running for LSB: Squi…TTP Proxy version 3.x (18s / 5min)[K[[0;31m*[0;1;31m*[0m[0;31m*   [0m] A stop job is running for LSB: Squi…TTP Proxy version 3.x (19s / 5min)[K[ [0;31m*[0;1;31m*[0m[0;31m*  [0m] A stop job is running for LSB: Squi…TTP Proxy version 3.x (19s / 5min)[K[  [0;31m*[0;1;31m*[0m[0;31m* [0m] A stop job is running for LSB: Squi…TTP Proxy version 3.x (20s / 5min)[K[   [0;31m*[0;1;31m*[0m[0;31m*[0m] A stop job is running for LSB: Squi…TTP Proxy version 3.x (20s / 5min)[K[    [0;31m*[0;1;31m*[0m] A stop job is running for LSB: Squi…TTP Proxy version 3.x (21s / 5min)[K[     [0;31m*[0m] A stop job is running for LSB: Squi…TTP Proxy version 3.x (21s / 5min)[K[    [0;31m*[0;1;31m*[0m] A stop job is running for LSB: Squi…TTP Proxy version 3.x (22s / 5min)[K[   [0;31m*[0;1;31m*[0m[0;31m*[0m] A stop job is running for LSB: Squi…TTP Proxy version 3.x (22s / 5min)[K[  [0;31m*[0;1;31m*[0m[0;31m* [0m] A stop job is running for LSB: Squi…TTP Proxy version 3.x (23s / 5min)[K[ [0;31m*[0;1;31m*[0m[0;31m*  [0m] A stop job is running for LSB: Squi…TTP Proxy version 3.x (23s / 5min)[K[[0;31m*[0;1;31m*[0m[0;31m*   [0m] A stop job is running for LSB: Squi…TTP Proxy version 3.x (24s / 5min)[K[[0;1;31m*[0m[0;31m*    [0m] A stop job is running for LSB: Squi…TTP Proxy version 3.x (24s / 5min)[K[[0m[0;31m*     [0m] A stop job is running for LSB: Squi…TTP Proxy version 3.x (25s / 5min)[K[[0;1;31m*[0m[0;31m*    [0m] A stop job is running for LSB: Squi…TTP Proxy version 3.x (25s / 5min)[K[[0;31m*[0;1;31m*[0m[0;31m*   [0m] A stop job is running for LSB: Squi…TTP Proxy version 3.x (26s / 5min)[K[ [0;31m*[0;1;31m*[0m[0;31m*  [0m] A stop job is running for LSB: Squi…TTP Proxy version 3.x (26s / 5min)[K[  [0;31m*[0;1;31m*[0m[0;31m* [0m] A stop job is running for LSB: Squi…TTP Proxy version 3.x (27s / 5min)[K[   [0;31m*[0;1;31m*[0m[0;31m*[0m] A stop job is running for LSB: Squi…TTP Proxy version 3.x (27s / 5min)[K[    [0;31m*[0;1;31m*[0m] A stop job is running for LSB: Squi…TTP Proxy version 3.x (28s / 5min)[K[     [0;31m*[0m] A stop job is running for LSB: Squi…TTP Proxy version 3.x (28s / 5min)[K[    [0;31m*[0;1;31m*[0m] A stop job is running for LSB: Squi…TTP Proxy version 3.x (29s / 5min)[K[   [0;31m*[0;1;31m*[0m[0;31m*[0m] A stop job is running for LSB: Squi…TTP Proxy version 3.x (29s / 5min)[K[  [0;31m*[0;1;31m*[0m[0;31m* [0m] A stop job is running for LSB: Squi…TTP Proxy version 3.x (30s / 5min)[K[ [0;31m*[0;1;31m*[0m[0;31m*  [0m] A stop job is running for LSB: Squi…TTP Proxy version 3.x (30s / 5min)[K[[0;31m*[0;1;31m*[0m[0;31m*   [0m] A stop job is running for LSB: Squi…TTP Proxy version 3.x (31s / 5min)[K[[0;1;31m*[0m[0;31m*    [0m] A stop job is running for LSB: Squi…TTP Proxy version 3.x (31s / 5min)[K[[0m[0;31m*     [0m] A stop job is running for LSB: Squi…TTP Proxy version 3.x (32s / 5min)[K[[0;1;31m*[0m[0;31m*    [0m] A stop job is running for LSB: Squi…TTP Proxy version 3.x (32s / 5min)[K[[0;32m  OK  [0m] Stopped LSB: Squid HTTP Proxy version 3.x.
[[0;32m  OK  [0m] Stopped target Basic System.
[[0;32m  OK  [0m] Stopped target Sockets.
[[0;32m  OK  [0m] Closed Socket activation for snappy daemon.
[[0;32m  OK  [0m] Closed cloud-init hotplug hook socket.
[[0;32m  OK  [0m] Closed LXD - unix socket.
[[0;32m  OK  [0m] Closed Open-iSCSI iscsid Socket.
[[0;32m  OK  [0m] Closed D-Bus System Message Bus Socket.
[[0;32m  OK  [0m] Closed Syslog Socket.
[[0;32m  OK  [0m] Closed ACPID Listen Socket.
[[0;32m  OK  [0m] Closed UUID daemon activation socket.
[[0;32m  OK  [0m] Stopped target Paths.
[[0;32m  OK  [0m] Stopped Trigger to poll for Ubuntu …(Only enabled on GCP LTS non-pro).
[[0;32m  OK  [0m] Stopped ACPI Events Check.
[[0;32m  OK  [0m] Stopped target Slices.
[[0;32m  OK  [0m] Removed slice User and Session Slice.
[[0;32m  OK  [0m] Stopped target Remote File Systems.
[[0;32m  OK  [0m] Stopped target Remote File Systems (Pre).
[[0;32m  OK  [0m] Stopped target Network is Online.
[[0;32m  OK  [0m] Stopped target Network.
[[0;32m  OK  [0m] Stopped target Host and Network Name Lookups.
         Stopping Network Name Resolution...
[[0;32m  OK  [0m] Stopped target System Initialization.
[[0;32m  OK  [0m] Stopped Initial cloud-init job (metadata service crawler).
[[0;32m  OK  [0m] Stopped target Local Encrypted Volumes.
[[0;32m  OK  [0m] Stopped Dispatch Password Requests to Console Directory Watch.
[[0;32m  OK  [0m] Stopped Forward Password Requests to Wall Directory Watch.
         Stopping Update UTMP about System Boot/Shutdown...
         Stopping Load/Save Random Seed...
[[0;32m  OK  [0m] Stopped Network Name Resolution.
         Stopping Network Service...
[[0;32m  OK  [0m] Stopped Update UTMP about System Boot/Shutdown.
[[0;32m  OK  [0m] Stopped Create Volatile Files and Directories.
[[0;32m  OK  [0m] Stopped target Local File Systems.
         Unmounting /vagrant...
         Unmounting /run/user/1000...
[[0;32m  OK  [0m] Stopped Load/Save Random Seed.
[[0;32m  OK  [0m] Stopped Network Service.
[[0;32m  OK  [0m] Unmounted /vagrant.
[[0;32m  OK  [0m] Stopped Apply Kernel Variables.
[[0;32m  OK  [0m] Stopped Load Kernel Modules.
[[0;32m  OK  [0m] Stopped target Network (Pre).
[[0;32m  OK  [0m] Stopped Initial cloud-init job (pre-networking).
[[0;32m  OK  [0m] Unmounted /run/user/1000.
[[0;32m  OK  [0m] Reached target Unmount All Filesystems.
[[0;32m  OK  [0m] Stopped target Swap.
[[0;32m  OK  [0m] Stopped target Local File Systems (Pre).
         Stopping Monitoring of LVM2 mirrors…ng dmeventd or progress polling...
[[0;32m  OK  [0m] Stopped Remount Root and Kernel File Systems.
[[0;32m  OK  [0m] Stopped Create Static Device Nodes in /dev.
[[0;32m  OK  [0m] Reached target Shutdown.
[[0;32m  OK  [0m] Reached target Final Step.
         Starting Power-Off...
[[0;32m  OK  [0m] Stopped Monitoring of LVM2 mirrors,…sing dmeventd or progress polling.
         Stopping LVM2 metadata daemon...
[[0;32m  OK  [0m] Stopped LVM2 metadata daemon.
[ 3648.601391] reboot: Power down
